0 info it worked if it ends with ok
1 verbose cli [ 'C:\\Program Files\\nodejs\\\\node.exe',
1 verbose cli   'C:\\Program Files\\nodejs\\node_modules\\npm\\bin\\npm-cli.js',
1 verbose cli   'start' ]
2 info using npm@1.1.61
3 info using node@v0.8.9
4 verbose node symlink C:\Program Files\nodejs\\node.exe
5 verbose read json C:\Users\zhanglo\Documents\GitHub\xDesign\package.json
6 warn package.json xDesign@0.0.1 No README.md file found!
7 verbose run-script [ 'prestart', 'start', 'poststart' ]
8 info prestart xDesign@0.0.1
9 info start xDesign@0.0.1
10 verbose unsafe-perm in lifecycle true
11 silly exec cmd "/c" "node server.js"
12 silly cmd,/c,node server.js,C:\Users\zhanglo\Documents\GitHub\xDesign spawning
13 info xDesign@0.0.1 Failed to exec start script
14 error xDesign@0.0.1 start: `node server.js`
14 error `cmd "/c" "node server.js"` failed with -1073741510
15 error Failed at the xDesign@0.0.1 start script.
15 error This is most likely a problem with the xDesign package,
15 error not with npm itself.
15 error Tell the author that this fails on your system:
15 error     node server.js
15 error You can get their info via:
15 error     npm owner ls xDesign
15 error There is likely additional logging output above.
16 error System Windows_NT 6.2.9200
17 error command "C:\\Program Files\\nodejs\\\\node.exe" "C:\\Program Files\\nodejs\\node_modules\\npm\\bin\\npm-cli.js" "start"
18 error cwd C:\Users\zhanglo\Documents\GitHub\xDesign
19 error node -v v0.8.9
20 error npm -v 1.1.61
21 error code ELIFECYCLE
22 verbose exit [ 1, true ]
